Copyright 1986-2022 Xilinx, Inc. All Rights Reserved. Copyright 2022-2025 Advanced Micro Devices, Inc. All Rights Reserved.
-------------------------------------------------------------------------------------------------------------------------------------------------
| Tool Version     : Vivado v.2025.1 (win64) Build 6140274 Thu May 22 00:12:29 MDT 2025
| Date             : Tue Sep  2 09:14:39 2025
| Host             : JoshLaptop running 64-bit major release  (build 9200)
| Command          : report_power -file top_power_routed.rpt -pb top_power_summary_routed.pb -rpx top_power_routed.rpx
| Design           : top
| Device           : xc7a100tcsg324-1
| Design State     : routed
| Grade            : commercial
| Process          : typical
| Characterization : Production
-------------------------------------------------------------------------------------------------------------------------------------------------

Power Report

Table of Contents
-----------------
1. Summary
1.1 On-Chip Components
1.2 Power Supply Summary
1.3 Confidence Level
2. Settings
2.1 Environment
2.2 Clock Constraints
3. Detailed Reports
3.1 By Hierarchy

1. Summary
----------

+--------------------------+--------------+
| Total On-Chip Power (W)  | 0.307        |
| Design Power Budget (W)  | Unspecified* |
| Power Budget Margin (W)  | NA           |
| Dynamic (W)              | 0.209        |
| Device Static (W)        | 0.099        |
| Effective TJA (C/W)      | 4.6          |
| Max Ambient (C)          | 83.6         |
| Junction Temperature (C) | 26.4         |
| Confidence Level         | Medium       |
| Setting File             | ---          |
| Simulation Activity File | ---          |
| Design Nets Matched      | NA           |
+--------------------------+--------------+
* Specify Design Power Budget using, set_operating_conditions -design_power_budget <value in Watts>


1.1 On-Chip Components
----------------------

+----------------+-----------+----------+-----------+-----------------+
| On-Chip        | Power (W) | Used     | Available | Utilization (%) |
+----------------+-----------+----------+-----------+-----------------+
| Clocks         |     0.035 |        8 |       --- |             --- |
| Slice Logic    |     0.026 |    49845 |       --- |             --- |
|   LUT as Logic |     0.024 |    17266 |     63400 |           27.23 |
|   Register     |    <0.001 |    26219 |    126800 |           20.68 |
|   CARRY4       |    <0.001 |      812 |     15850 |            5.12 |
|   F7/F8 Muxes  |    <0.001 |      417 |     63400 |            0.66 |
|   Others       |     0.000 |       75 |       --- |             --- |
| Signals        |     0.030 |    33716 |       --- |             --- |
| Block RAM      |     0.012 |       24 |       135 |           17.78 |
| MMCM           |     0.106 |        1 |         6 |           16.67 |
| DSPs           |    <0.001 |        2 |       240 |            0.83 |
| I/O            |    <0.001 |        6 |       210 |            2.86 |
| Static Power   |     0.099 |          |           |                 |
| Total          |     0.307 |          |           |                 |
+----------------+-----------+----------+-----------+-----------------+


1.2 Power Supply Summary
------------------------

+-----------+-------------+-----------+-------------+------------+-------------+-------------+------------+
| Source    | Voltage (V) | Total (A) | Dynamic (A) | Static (A) | Powerup (A) | Budget (A)  | Margin (A) |
+-----------+-------------+-----------+-------------+------------+-------------+-------------+------------+
| Vccint    |       1.000 |     0.118 |       0.102 |      0.016 |       NA    | Unspecified | NA         |
| Vccaux    |       1.800 |     0.077 |       0.059 |      0.018 |       NA    | Unspecified | NA         |
| Vcco33    |       3.300 |     0.004 |       0.000 |      0.004 |       NA    | Unspecified | NA         |
| Vcco25    |       2.500 |     0.000 |       0.000 |      0.000 |       NA    | Unspecified | NA         |
| Vcco18    |       1.800 |     0.000 |       0.000 |      0.000 |       NA    | Unspecified | NA         |
| Vcco15    |       1.500 |     0.000 |       0.000 |      0.000 |       NA    | Unspecified | NA         |
| Vcco135   |       1.350 |     0.000 |       0.000 |      0.000 |       NA    | Unspecified | NA         |
| Vcco12    |       1.200 |     0.000 |       0.000 |      0.000 |       NA    | Unspecified | NA         |
| Vccaux_io |       1.800 |     0.000 |       0.000 |      0.000 |       NA    | Unspecified | NA         |
| Vccbram   |       1.000 |     0.002 |       0.001 |      0.001 |       NA    | Unspecified | NA         |
| MGTAVcc   |       1.000 |     0.000 |       0.000 |      0.000 |       NA    | Unspecified | NA         |
| MGTAVtt   |       1.200 |     0.000 |       0.000 |      0.000 |       NA    | Unspecified | NA         |
| Vccadc    |       1.800 |     0.020 |       0.000 |      0.020 |       NA    | Unspecified | NA         |
+-----------+-------------+-----------+-------------+------------+-------------+-------------+------------+


1.3 Confidence Level
--------------------

+-----------------------------+------------+-------------------------------------------------------+------------------------------------------------------------------------------------------------------------+
| User Input Data             | Confidence | Details                                               | Action                                                                                                     |
+-----------------------------+------------+-------------------------------------------------------+------------------------------------------------------------------------------------------------------------+
| Design implementation state | High       | Design is routed                                      |                                                                                                            |
| Clock nodes activity        | High       | User specified more than 95% of clocks                |                                                                                                            |
| I/O nodes activity          | Medium     | More than 5% of inputs are missing user specification | Provide missing input activity with simulation results or by editing the "By Resource Type -> I/Os" view   |
| Internal nodes activity     | Medium     | User specified less than 25% of internal nodes        | Provide missing internal nodes activity with simulation results or by editing the "By Resource Type" views |
| Device models               | High       | Device models are Production                          |                                                                                                            |
|                             |            |                                                       |                                                                                                            |
| Overall confidence level    | Medium     |                                                       |                                                                                                            |
+-----------------------------+------------+-------------------------------------------------------+------------------------------------------------------------------------------------------------------------+


2. Settings
-----------

2.1 Environment
---------------

+-----------------------+--------------------------+
| Ambient Temp (C)      | 25.0                     |
| ThetaJA (C/W)         | 4.6                      |
| Airflow (LFM)         | 250                      |
| Heat Sink             | medium (Medium Profile)  |
| ThetaSA (C/W)         | 4.6                      |
| Board Selection       | medium (10"x10")         |
| # of Board Layers     | 12to15 (12 to 15 Layers) |
| Board Temperature (C) | 25.0                     |
+-----------------------+--------------------------+


2.2 Clock Constraints
---------------------

+----------------------+------------------------------------+-----------------+
| Clock                | Domain                             | Constraint (ns) |
+----------------------+------------------------------------+-----------------+
| CLK100MHZ            | CLK100MHZ                          |            10.0 |
| clk_out1_clk_wiz_0   | my_clk_wiz/inst/clk_out1_clk_wiz_0 |            20.0 |
| clk_out1_clk_wiz_0_1 | my_clk_wiz/inst/clk_out1_clk_wiz_0 |            20.0 |
| clkfbout_clk_wiz_0   | my_clk_wiz/inst/clkfbout_clk_wiz_0 |            10.0 |
| clkfbout_clk_wiz_0_1 | my_clk_wiz/inst/clkfbout_clk_wiz_0 |            10.0 |
| sys_clk_pin          | CLK100MHZ                          |            10.0 |
+----------------------+------------------------------------+-----------------+


3. Detailed Reports
-------------------

3.1 By Hierarchy
----------------

+-------------------------+-----------+
| Name                    | Power (W) |
+-------------------------+-----------+
| top                     |     0.209 |
|   my_accelerator        |     0.102 |
|     my_control_system   |     0.097 |
|       compresion_core   |     0.006 |
|       my_bram_xmss_node |     0.009 |
|       my_chain          |     0.005 |
|       my_hash_mux       |     0.001 |
|       my_hash_unit      |     0.048 |
|       my_wots_pkFromSig |     0.003 |
|       my_wots_pkGen     |     0.003 |
|       my_wots_sign      |     0.004 |
|       my_xmss_node      |     0.005 |
|       my_xmss_pkFromSig |     0.004 |
|       my_xmss_sign      |     0.002 |
|     my_sig_fifo         |     0.002 |
|       U0                |     0.002 |
|   my_clk_wiz            |     0.106 |
|     inst                |     0.106 |
+-------------------------+-----------+


